0 info it worked if it ends with ok
1 verbose cli [ '/usr/bin/node', '/usr/bin/npm', 'run', 'start' ]
2 info using npm@6.14.4
3 info using node@v10.19.0
4 verbose run-script [ 'prestart', 'start', 'poststart' ]
5 info lifecycle client@0.1.0~prestart: client@0.1.0
6 info lifecycle client@0.1.0~start: client@0.1.0
7 verbose lifecycle client@0.1.0~start: unsafe-perm in lifecycle true
8 verbose lifecycle client@0.1.0~start: PATH: /usr/share/npm/node_modules/npm-lifecycle/node-gyp-bin:/home/eswar/client/node_modules/.bin:/home/eswar/.vscode-server/bin/507ce72a4466fbb27b715c3722558bb15afa9f48/bin:/usr/local/sbin:/usr/local/bin:/usr/sbin:/usr/bin:/sbin:/bin:/usr/games:/usr/local/games:/mnt/c/Program Files (x86)/VMware/VMware Workstation/bin/:/mnt/c/Windows/system32:/mnt/c/Windows:/mnt/c/Windows/System32/Wbem:/mnt/c/Windows/System32/WindowsPowerShell/v1.0/:/mnt/c/Windows/System32/OpenSSH/:/mnt/c/Program Files (x86)/NVIDIA Corporation/PhysX/Common:/mnt/c/Program Files/NVIDIA Corporation/NVIDIA NvDLISR:/mnt/c/WINDOWS/system32:/mnt/c/WINDOWS:/mnt/c/WINDOWS/System32/Wbem:/mnt/c/WINDOWS/System32/WindowsPowerShell/v1.0/:/mnt/c/WINDOWS/System32/OpenSSH/:/mnt/c/Users/Mohan Rao/AppData/Local/Microsoft/WindowsApps:/mnt/c/Users/Mohan Rao/AppData/Local/Programs/Microsoft VS Code/bin:/mnt/c/Users/Mohan Rao/AppData/Local/Microsoft/WindowsApps/PythonSoftwareFoundation.Python.3.9_qbz5n2kfra8p0:/mnt/c/Users/Mohan Rao/AppData/Local/Microsoft/WindowsApps/PythonSoftwareFoundation.Python.3.9_qbz5n2kfra8p0:/mnt/c/Users/Mohan Rao/AppData/Local/Packages/PythonSoftwareFoundation.Python.3.9_qbz5n2kfra8p0/LocalCache/local-packages/Python39/Scripts:/mnt/c/Users/Mohan Rao/.virtualenvs/connect_to_db-U1ymARb5/Scripts:/snap/bin
9 verbose lifecycle client@0.1.0~start: CWD: /home/eswar/client
10 silly lifecycle client@0.1.0~start: Args: [ '-c', 'react-scripts start' ]
11 info lifecycle client@0.1.0~start: Failed to exec start script
12 verbose stack Error: client@0.1.0 start: `react-scripts start`
12 verbose stack spawn ENOENT
12 verbose stack     at ChildProcess.<anonymous> (/usr/share/npm/node_modules/npm-lifecycle/lib/spawn.js:48:18)
12 verbose stack     at ChildProcess.emit (events.js:198:13)
12 verbose stack     at maybeClose (internal/child_process.js:982:16)
12 verbose stack     at Process.ChildProcess._handle.onexit (internal/child_process.js:259:5)
13 verbose pkgid client@0.1.0
14 verbose cwd /home/eswar/client
15 verbose Linux 5.4.72-microsoft-standard-WSL2
16 verbose argv "/usr/bin/node" "/usr/bin/npm" "run" "start"
17 verbose node v10.19.0
18 verbose npm  v6.14.4
19 error code ELIFECYCLE
20 error syscall spawn
21 error file sh
22 error errno ENOENT
23 error client@0.1.0 start: `react-scripts start`
23 error spawn ENOENT
24 error Failed at the client@0.1.0 start script.
24 error This is probably not a problem with npm. There is likely additional logging output above.
25 verbose exit [ 1, true ]
